<?xml version="1.0" encoding="UTF-8"?>
<!-- Generated by org.testng.reporters.JUnitXMLReporter -->
<testsuite ignored="0" hostname="bhagyak" failures="3" tests="4" name="Hard And Soft Assert Test" time="0.068" errors="0" timestamp="2026-04-22T11:45:25 IST">
  <testcase classname="testngtestcases.HardAndSoftAsserts" name="hardAssertDemo" time="0.016">
    <failure type="java.lang.AssertionError" message="expected [b] but found [c]">
      <![CDATA[java.lang.AssertionError: expected [b] but found [c]
at testngtestcases.HardAndSoftAsserts.hardAssertDemo(HardAndSoftAsserts.java:14)
at java.base/java.util.ArrayList.forEach(ArrayList.java:1596)
... Removed 32 stack frames]]>
    </failure>
  </testcase> <!-- hardAssertDemo -->
  <testcase classname="testngtestcases.HardAndSoftAsserts" name="intentionallyFail" time="0.005">
    <failure type="java.lang.AssertionError" message="Intentionally Failing the testcase">
      <![CDATA[java.lang.AssertionError: Intentionally Failing the testcase
at testngtestcases.HardAndSoftAsserts.intentionallyFail(HardAndSoftAsserts.java:32)
at java.base/java.util.ArrayList.forEach(ArrayList.java:1596)
... Removed 26 stack frames]]>
    </failure>
  </testcase> <!-- intentionallyFail -->
  <testcase classname="testngtestcases.HardAndSoftAsserts" name="skipIntentionally" time="0.003">
    <skipped/>
  </testcase> <!-- skipIntentionally -->
  <testcase classname="testngtestcases.HardAndSoftAsserts" name="softAssertDemo" time="0.021">
    <failure type="java.lang.AssertionError" message="The following asserts failed:
	expected [b] but found [c],
	expected [true] but found [false]">
      <![CDATA[java.lang.AssertionError: The following asserts failed:
expected [b] but found [c],
expected [true] but found [false]
at testngtestcases.HardAndSoftAsserts.softAssertDemo(HardAndSoftAsserts.java:26)
at java.base/java.util.ArrayList.forEach(ArrayList.java:1596)
... Removed 27 stack frames]]>
    </failure>
  </testcase> <!-- softAssertDemo -->
</testsuite> <!-- Hard And Soft Assert Test -->
