<?xml version="1.0" encoding="UTF-8"?>
<!-- Generated by org.testng.reporters.JUnitXMLReporter -->
<testsuite ignored="0" hostname="bhagyak" failures="0" tests="3" name="Priority Test" time="0.043" errors="0" timestamp="2026-04-22T11:45:25 IST">
  <testcase classname="testngtestcases.TestNG_Priority" name="doReg" time="0.001"/>
  <testcase classname="testngtestcases.TestNG_Priority" name="NoPri" time="0.008"/>
  <testcase classname="testngtestcases.TestNG_Priority" name="login" time="0.009"/>
</testsuite> <!-- Priority Test -->
