<?xml version="1.0" encoding="UTF-8"?>
<!-- Generated by org.testng.reporters.JUnitXMLReporter -->
<testsuite ignored="0" hostname="bhagyak" failures="3" tests="10" name="RegressionTest" time="4.729" errors="0" timestamp="2026-04-20T17:04:50 IST">
  <testcase classname="testngtestcases.AssertDemo" name="verifyTitle" time="0.193"/>
  <testcase classname="testngtestcases.TestNGExample1" name="doLogin" time="0.003"/>
  <testcase classname="testngtestcases.TestNGExample1" name="doReg" time="0.003"/>
  <testcase classname="testngtestcases.HardAndSoftAsserts" name="hardAssertDemo" time="0.012">
    <failure type="java.lang.AssertionError" message="expected [b] but found [c]">
      <![CDATA[java.lang.AssertionError: expected [b] but found [c]
at testngtestcases.HardAndSoftAsserts.hardAssertDemo(HardAndSoftAsserts.java:14)
at java.base/java.util.ArrayList.forEach(ArrayList.java:1596)
... Removed 32 stack frames]]>
    </failure>
  </testcase> <!-- hardAssertDemo -->
  <testcase classname="testngtestcases.HardAndSoftAsserts" name="intentionallyFail" time="0.016">
    <failure type="java.lang.AssertionError" message="Intentionally Failing the testcase">
      <![CDATA[java.lang.AssertionError: Intentionally Failing the testcase
at testngtestcases.HardAndSoftAsserts.intentionallyFail(HardAndSoftAsserts.java:32)
at java.base/java.util.ArrayList.forEach(ArrayList.java:1596)
... Removed 26 stack frames]]>
    </failure>
  </testcase> <!-- intentionallyFail -->
  <testcase classname="testngtestcases.HardAndSoftAsserts" name="skipIntentionally" time="0.009">
    <skipped/>
  </testcase> <!-- skipIntentionally -->
  <testcase classname="testngtestcases.HardAndSoftAsserts" name="softAssertDemo" time="0.011">
    <failure type="java.lang.AssertionError" message="The following asserts failed:
	expected [b] but found [c],
	expected [true] but found [false]">
      <![CDATA[java.lang.AssertionError: The following asserts failed:
expected [b] but found [c],
expected [true] but found [false]
at testngtestcases.HardAndSoftAsserts.softAssertDemo(HardAndSoftAsserts.java:26)
at java.base/java.util.ArrayList.forEach(ArrayList.java:1596)
... Removed 27 stack frames]]>
    </failure>
  </testcase> <!-- softAssertDemo -->
  <testcase classname="testngtestcases.TestNG_Priority" name="doReg" time="0.002"/>
  <testcase classname="testngtestcases.TestNG_Priority" name="NoPri" time="0.001"/>
  <testcase classname="testngtestcases.TestNG_Priority" name="login" time="0.002"/>
</testsuite> <!-- RegressionTest -->
