<?xml version="1.0" encoding="UTF-8"?>
<!-- Generated by org.testng.reporters.JUnitXMLReporter -->
<testsuite ignored="0" hostname="bhagyak" failures="0" tests="3" name="Default test" time="19.99" errors="0" timestamp="2026-04-26T17:09:27 IST">
  <testcase classname="testngtestcases.Parameterization_DP" name="doLogin" time="1.555"/>
  <testcase classname="testngtestcases.Parameterization_DP" name="doLogin" time="1.256"/>
  <testcase classname="testngtestcases.Parameterization_DP" name="doLogin" time="1.112"/>
</testsuite> <!-- Default test -->
