<?xml version="1.0" encoding="UTF-8"?>
<testng-results ignored="0" total="3" passed="3" failed="0" skipped="0">
  <reporter-output>
  </reporter-output>
  <suite started-at="2026-04-26T17:09:07 IST" name="Default suite" finished-at="2026-04-26T17:09:27 IST" duration-ms="19990">
    <groups>
    </groups>
    <test started-at="2026-04-26T17:09:07 IST" name="Default test" finished-at="2026-04-26T17:09:27 IST" duration-ms="19990">
      <class name="testngtestcases.Parameterization_DP">
        <test-method is-config="true" signature="setUp()[pri:0, instance:testngtestcases.Parameterization_DP@f5958c9]" started-at="2026-04-26T17:09:08 IST" name="setUp" finished-at="2026-04-26T17:09:13 IST" duration-ms="4695" status="PASS">
          <reporter-output>
          </reporter-output>
        </test-method> <!-- setUp -->
        <test-method signature="doLogin(java.lang.String,java.lang.String)[pri:0, instance:testngtestcases.Parameterization_DP@f5958c9]" started-at="2026-04-26T17:09:13 IST" name="doLogin" data-provider="dp" finished-at="2026-04-26T17:09:15 IST" duration-ms="1555" status="PASS">
          <params>
            <param index="0">
              <value>
                <![CDATA[username1]]>
              </value>
            </param>
            <param index="1">
              <value>
                <![CDATA[password1]]>
              </value>
            </param>
          </params>
          <reporter-output>
          </reporter-output>
        </test-method> <!-- doLogin -->
        <test-method is-config="true" signature="tearDown()[pri:0, instance:testngtestcases.Parameterization_DP@f5958c9]" started-at="2026-04-26T17:09:15 IST" name="tearDown" finished-at="2026-04-26T17:09:16 IST" duration-ms="1500" status="PASS">
          <reporter-output>
          </reporter-output>
        </test-method> <!-- tearDown -->
        <test-method is-config="true" signature="setUp()[pri:0, instance:testngtestcases.Parameterization_DP@f5958c9]" started-at="2026-04-26T17:09:16 IST" name="setUp" finished-at="2026-04-26T17:09:20 IST" duration-ms="4245" status="PASS">
          <reporter-output>
          </reporter-output>
        </test-method> <!-- setUp -->
        <test-method signature="doLogin(java.lang.String,java.lang.String)[pri:0, instance:testngtestcases.Parameterization_DP@f5958c9]" started-at="2026-04-26T17:09:20 IST" name="doLogin" data-provider="dp" finished-at="2026-04-26T17:09:22 IST" duration-ms="1256" status="PASS">
          <params>
            <param index="0">
              <value>
                <![CDATA[username2]]>
              </value>
            </param>
            <param index="1">
              <value>
                <![CDATA[password2]]>
              </value>
            </param>
          </params>
          <reporter-output>
          </reporter-output>
        </test-method> <!-- doLogin -->
        <test-method is-config="true" signature="tearDown()[pri:0, instance:testngtestcases.Parameterization_DP@f5958c9]" started-at="2026-04-26T17:09:22 IST" name="tearDown" finished-at="2026-04-26T17:09:22 IST" duration-ms="357" status="PASS">
          <reporter-output>
          </reporter-output>
        </test-method> <!-- tearDown -->
        <test-method is-config="true" signature="setUp()[pri:0, instance:testngtestcases.Parameterization_DP@f5958c9]" started-at="2026-04-26T17:09:22 IST" name="setUp" finished-at="2026-04-26T17:09:26 IST" duration-ms="3594" status="PASS">
          <reporter-output>
          </reporter-output>
        </test-method> <!-- setUp -->
        <test-method signature="doLogin(java.lang.String,java.lang.String)[pri:0, instance:testngtestcases.Parameterization_DP@f5958c9]" started-at="2026-04-26T17:09:26 IST" name="doLogin" data-provider="dp" finished-at="2026-04-26T17:09:27 IST" duration-ms="1112" status="PASS">
          <params>
            <param index="0">
              <value>
                <![CDATA[username3]]>
              </value>
            </param>
            <param index="1">
              <value>
                <![CDATA[password3]]>
              </value>
            </param>
          </params>
          <reporter-output>
          </reporter-output>
        </test-method> <!-- doLogin -->
        <test-method is-config="true" signature="tearDown()[pri:0, instance:testngtestcases.Parameterization_DP@f5958c9]" started-at="2026-04-26T17:09:27 IST" name="tearDown" finished-at="2026-04-26T17:09:27 IST" duration-ms="304" status="PASS">
          <reporter-output>
          </reporter-output>
        </test-method> <!-- tearDown -->
      </class> <!-- testngtestcases.Parameterization_DP -->
    </test> <!-- Default test -->
  </suite> <!-- Default suite -->
</testng-results>
