<?xml version="1.0" encoding="UTF-8"?>
<!-- Generated by org.testng.reporters.JUnitReportReporter -->
<testsuite hostname="bhagyak" failures="0" tests="2" name="testngtestcases.TestNGExample1" time="0.006" errors="0" timestamp="2026-04-22T11:45:25 IST" skipped="0">
  <testcase classname="testngtestcases.TestNGExample1" name="doReg" time="0.003">
    <system-out>
      <![CDATA[doReg is started
doReg is passed]]>
    </system-out>
  </testcase> <!-- doReg -->
  <testcase classname="testngtestcases.TestNGExample1" name="doLogin" time="0.003">
    <system-out>
      <![CDATA[doLogin is started
doLogin is passed]]>
    </system-out>
  </testcase> <!-- doLogin -->
  <system-out>
    <![CDATA[verifyTitle is started
verifyTitle is passed
doLogin is started
doLogin is passed
doReg is started
doReg is passed
hardAssertDemo is started
hardAssertDemo is failed
<a href="C:\Users\91733\OneDrive\Desktop\sample.jfif">screenshot link</a>
intentionallyFail is started
intentionallyFail is failed
<a href="C:\Users\91733\OneDrive\Desktop\sample.jfif">screenshot link</a>
skipIntentionally is started
skipIntentionally is skipped
softAssertDemo is started
softAssertDemo is failed
<a href="C:\Users\91733\OneDrive\Desktop\sample.jfif">screenshot link</a>
doReg is started
doReg is passed
NoPri is started
NoPri is passed
login is started
login is passed]]>
  </system-out>
</testsuite> <!-- testngtestcases.TestNGExample1 -->
