<?xml version="1.0" encoding="UTF-8"?>
<!-- Generated by org.testng.reporters.JUnitReportReporter -->
<testsuite hostname="bhagyak" failures="0" tests="3" name="testngtestcases.TestNG_Priority" time="0.018" errors="0" timestamp="2026-04-22T11:45:25 IST" skipped="0">
  <testcase classname="testngtestcases.TestNG_Priority" name="doReg" time="0.001">
    <system-out>
      <![CDATA[doReg is started
doReg is passed]]>
    </system-out>
  </testcase> <!-- doReg -->
  <testcase classname="testngtestcases.TestNG_Priority" name="NoPri" time="0.008">
    <system-out>
      <![CDATA[NoPri is started
NoPri is passed]]>
    </system-out>
  </testcase> <!-- NoPri -->
  <testcase classname="testngtestcases.TestNG_Priority" name="login" time="0.009">
    <system-out>
      <![CDATA[login is started
login is passed]]>
    </system-out>
  </testcase> <!-- login -->
  <system-out>
    <![CDATA[verifyTitle is started
verifyTitle is passed
doLogin is started
doLogin is passed
doReg is started
doReg is passed
hardAssertDemo is started
hardAssertDemo is failed
<a href="C:\Users\91733\OneDrive\Desktop\sample.jfif">screenshot link</a>
intentionallyFail is started
intentionallyFail is failed
<a href="C:\Users\91733\OneDrive\Desktop\sample.jfif">screenshot link</a>
skipIntentionally is started
skipIntentionally is skipped
softAssertDemo is started
softAssertDemo is failed
<a href="C:\Users\91733\OneDrive\Desktop\sample.jfif">screenshot link</a>
doReg is started
doReg is passed
NoPri is started
NoPri is passed
login is started
login is passed]]>
  </system-out>
</testsuite> <!-- testngtestcases.TestNG_Priority -->
