<?xml version="1.0" encoding="UTF-8"?>
<!-- Generated by org.testng.reporters.JUnitReportReporter -->
<testsuite hostname="bhagyak" failures="0" tests="3" name="testngtestcases.Parameterization_DP" time="18.618" errors="0" timestamp="2026-04-26T17:09:27 IST" skipped="0">
  <testcase classname="testngtestcases.Parameterization_DP" name="doLogin" time="7.300"/>
  <testcase classname="testngtestcases.Parameterization_DP" name="doLogin" time="5.010"/>
  <testcase classname="testngtestcases.Parameterization_DP" name="doLogin" time="6.308"/>
</testsuite> <!-- testngtestcases.Parameterization_DP -->
