<?xml version="1.0" encoding="UTF-8"?>
<!-- Generated by org.testng.reporters.JUnitXMLReporter -->
<testsuite ignored="0" hostname="bhagyak" failures="1" tests="3" name="ExtentTest" time="0.116" errors="0" timestamp="2026-04-24T16:43:55 IST">
  <testcase classname="extentReports.FBTest" name="doLogin" time="0.023"/>
  <testcase classname="extentReports.FBTest" name="doSkip" time="0.003">
    <skipped/>
  </testcase> <!-- doSkip -->
  <testcase classname="extentReports.FBTest" name="doUserReg" time="0.007">
    <failure type="java.lang.AssertionError" message="Intentinal Fail">
      <![CDATA[java.lang.AssertionError: Intentinal Fail
at extentReports.FBTest.doUserReg(FBTest.java:26)
at java.base/java.util.ArrayList.forEach(ArrayList.java:1596)
... Removed 26 stack frames]]>
    </failure>
  </testcase> <!-- doUserReg -->
</testsuite> <!-- ExtentTest -->
